Started GET "/" for 192.168.250.149 at 2017-01-17 22:26:22 +0000
Cannot render console from 192.168.250.149! Allowed networks: 127.0.0.1, ::1, 127.0.0.0/127.255.255.255
  
ActiveRecord::PendingMigrationError (

Migrations are pending. To resolve this issue, run:

        bin/rails db:migrate RAILS_ENV=development

):
  
activerecord (5.0.1) lib/active_record/migration.rb:573:in `check_pending!'
activerecord (5.0.1) lib/active_record/migration.rb:549:in `call'
actionpack (5.0.1) lib/action_dispatch/middleware/callbacks.rb:38:in `block in call'
activesupport (5.0.1) lib/active_support/callbacks.rb:97:in `__run_callbacks__'
activesupport (5.0.1) lib/active_support/callbacks.rb:750:in `_run_call_callbacks'
activesupport (5.0.1) lib/active_support/callbacks.rb:90:in `run_callbacks'
actionpack (5.0.1) lib/action_dispatch/middleware/callbacks.rb:36:in `call'
actionpack (5.0.1) lib/action_dispatch/middleware/executor.rb:12:in `call'
actionpack (5.0.1) lib/action_dispatch/middleware/remote_ip.rb:79:in `call'
actionpack (5.0.1) lib/action_dispatch/middleware/debug_exceptions.rb:49:in `call'
web-console (3.4.0) lib/web_console/middleware.rb:135:in `call_app'
web-console (3.4.0) lib/web_console/middleware.rb:20:in `block in call'
web-console (3.4.0) lib/web_console/middleware.rb:18:in `catch'
web-console (3.4.0) lib/web_console/middleware.rb:18:in `call'
actionpack (5.0.1) lib/action_dispatch/middleware/show_exceptions.rb:31:in `call'
railties (5.0.1) lib/rails/rack/logger.rb:36:in `call_app'
railties (5.0.1) lib/rails/rack/logger.rb:24:in `block in call'
activesupport (5.0.1) lib/active_support/tagged_logging.rb:69:in `block in tagged'
activesupport (5.0.1) lib/active_support/tagged_logging.rb:26:in `tagged'
activesupport (5.0.1) lib/active_support/tagged_logging.rb:69:in `tagged'
railties (5.0.1) lib/rails/rack/logger.rb:24:in `call'
sprockets-rails (3.2.0) lib/sprockets/rails/quiet_assets.rb:13:in `call'
actionpack (5.0.1) lib/action_dispatch/middleware/request_id.rb:24:in `call'
rack (2.0.1) lib/rack/method_override.rb:22:in `call'
rack (2.0.1) lib/rack/runtime.rb:22:in `call'
activesupport (5.0.1) lib/active_support/cache/strategy/local_cache_middleware.rb:28:in `call'
actionpack (5.0.1) lib/action_dispatch/middleware/executor.rb:12:in `call'
actionpack (5.0.1) lib/action_dispatch/middleware/static.rb:136:in `call'
rack (2.0.1) lib/rack/sendfile.rb:111:in `call'
railties (5.0.1) lib/rails/engine.rb:522:in `call'
puma (3.6.2) lib/puma/configuration.rb:225:in `call'
puma (3.6.2) lib/puma/server.rb:578:in `handle_request'
puma (3.6.2) lib/puma/server.rb:415:in `process_client'
puma (3.6.2) lib/puma/server.rb:275:in `block in run'
puma (3.6.2) lib/puma/thread_pool.rb:116:in `block in spawn_thread'
  Rendering /home/vagrant/.rvm/gems/ruby-2.3.3@global/gems/actionpack-5.0.1/lib/action_dispatch/middleware/templates/rescues/diagnostics.html.erb within rescues/layout
  Rendering /home/vagrant/.rvm/gems/ruby-2.3.3@global/gems/actionpack-5.0.1/lib/action_dispatch/middleware/templates/rescues/_source.html.erb
Started GET "/" for 192.168.250.149 at 2017-01-17 22:26:22 +0000
  Rendered /home/vagrant/.rvm/gems/ruby-2.3.3@global/gems/actionpack-5.0.1/lib/action_dispatch/middleware/templates/rescues/_source.html.erb (4.4ms)
Cannot render console from 192.168.250.149! Allowed networks: 127.0.0.1, ::1, 127.0.0.0/127.255.255.255
  Rendering /home/vagrant/.rvm/gems/ruby-2.3.3@global/gems/actionpack-5.0.1/lib/action_dispatch/middleware/templates/rescues/_trace.html.erb
  Rendered /home/vagrant/.rvm/gems/ruby-2.3.3@global/gems/actionpack-5.0.1/lib/action_dispatch/middleware/templates/rescues/_trace.html.erb (2.2ms)
  Rendering /home/vagrant/.rvm/gems/ruby-2.3.3@global/gems/actionpack-5.0.1/lib/action_dispatch/middleware/templates/rescues/_request_and_response.html.erb
  Rendered /home/vagrant/.rvm/gems/ruby-2.3.3@global/gems/actionpack-5.0.1/lib/action_dispatch/middleware/templates/rescues/_request_and_response.html.erb (0.8ms)
  Rendered /home/vagrant/.rvm/gems/ruby-2.3.3@global/gems/actionpack-5.0.1/lib/action_dispatch/middleware/templates/rescues/diagnostics.html.erb within rescues/layout (57.6ms)
  
ActiveRecord::PendingMigrationError (

Migrations are pending. To resolve this issue, run:

        bin/rails db:migrate RAILS_ENV=development

):
  
activerecord (5.0.1) lib/active_record/migration.rb:573:in `check_pending!'
activerecord (5.0.1) lib/active_record/migration.rb:549:in `call'
actionpack (5.0.1) lib/action_dispatch/middleware/callbacks.rb:38:in `block in call'
activesupport (5.0.1) lib/active_support/callbacks.rb:97:in `__run_callbacks__'
activesupport (5.0.1) lib/active_support/callbacks.rb:750:in `_run_call_callbacks'
activesupport (5.0.1) lib/active_support/callbacks.rb:90:in `run_callbacks'
actionpack (5.0.1) lib/action_dispatch/middleware/callbacks.rb:36:in `call'
actionpack (5.0.1) lib/action_dispatch/middleware/executor.rb:12:in `call'
actionpack (5.0.1) lib/action_dispatch/middleware/remote_ip.rb:79:in `call'
actionpack (5.0.1) lib/action_dispatch/middleware/debug_exceptions.rb:49:in `call'
web-console (3.4.0) lib/web_console/middleware.rb:135:in `call_app'
web-console (3.4.0) lib/web_console/middleware.rb:20:in `block in call'
web-console (3.4.0) lib/web_console/middleware.rb:18:in `catch'
web-console (3.4.0) lib/web_console/middleware.rb:18:in `call'
actionpack (5.0.1) lib/action_dispatch/middleware/show_exceptions.rb:31:in `call'
railties (5.0.1) lib/rails/rack/logger.rb:36:in `call_app'
railties (5.0.1) lib/rails/rack/logger.rb:24:in `block in call'
activesupport (5.0.1) lib/active_support/tagged_logging.rb:69:in `block in tagged'
activesupport (5.0.1) lib/active_support/tagged_logging.rb:26:in `tagged'
activesupport (5.0.1) lib/active_support/tagged_logging.rb:69:in `tagged'
railties (5.0.1) lib/rails/rack/logger.rb:24:in `call'
sprockets-rails (3.2.0) lib/sprockets/rails/quiet_assets.rb:13:in `call'
actionpack (5.0.1) lib/action_dispatch/middleware/request_id.rb:24:in `call'
rack (2.0.1) lib/rack/method_override.rb:22:in `call'
rack (2.0.1) lib/rack/runtime.rb:22:in `call'
activesupport (5.0.1) lib/active_support/cache/strategy/local_cache_middleware.rb:28:in `call'
actionpack (5.0.1) lib/action_dispatch/middleware/executor.rb:12:in `call'
actionpack (5.0.1) lib/action_dispatch/middleware/static.rb:136:in `call'
rack (2.0.1) lib/rack/sendfile.rb:111:in `call'
railties (5.0.1) lib/rails/engine.rb:522:in `call'
puma (3.6.2) lib/puma/configuration.rb:225:in `call'
puma (3.6.2) lib/puma/server.rb:578:in `handle_request'
puma (3.6.2) lib/puma/server.rb:415:in `process_client'
puma (3.6.2) lib/puma/server.rb:275:in `block in run'
puma (3.6.2) lib/puma/thread_pool.rb:116:in `block in spawn_thread'
  Rendering /home/vagrant/.rvm/gems/ruby-2.3.3@global/gems/actionpack-5.0.1/lib/action_dispatch/middleware/templates/rescues/diagnostics.html.erb within rescues/layout
  Rendering /home/vagrant/.rvm/gems/ruby-2.3.3@global/gems/actionpack-5.0.1/lib/action_dispatch/middleware/templates/rescues/_source.html.erb
  Rendered /home/vagrant/.rvm/gems/ruby-2.3.3@global/gems/actionpack-5.0.1/lib/action_dispatch/middleware/templates/rescues/_source.html.erb (2.6ms)
  Rendering /home/vagrant/.rvm/gems/ruby-2.3.3@global/gems/actionpack-5.0.1/lib/action_dispatch/middleware/templates/rescues/_trace.html.erb
  Rendered /home/vagrant/.rvm/gems/ruby-2.3.3@global/gems/actionpack-5.0.1/lib/action_dispatch/middleware/templates/rescues/_trace.html.erb (1.1ms)
  Rendering /home/vagrant/.rvm/gems/ruby-2.3.3@global/gems/actionpack-5.0.1/lib/action_dispatch/middleware/templates/rescues/_request_and_response.html.erb
  Rendered /home/vagrant/.rvm/gems/ruby-2.3.3@global/gems/actionpack-5.0.1/lib/action_dispatch/middleware/templates/rescues/_request_and_response.html.erb (0.7ms)
  Rendered /home/vagrant/.rvm/gems/ruby-2.3.3@global/gems/actionpack-5.0.1/lib/action_dispatch/middleware/templates/rescues/diagnostics.html.erb within rescues/layout (32.7ms)
  [1m[35m (3.4ms)[0m  [1m[35mCREATE TABLE "schema_migrations" ("version" varchar NOT NULL PRIMARY KEY)[0m
  [1m[35m (2.3ms)[0m  [1m[35mCREATE TABLE "ar_internal_metadata" ("key" varchar NOT NULL PRIMARY KEY, "value" varchar, "created_at" datetime NOT NULL, "updated_at" datetime NOT NULL)[0m
  [1m[36mActiveRecord::SchemaMigration Load (0.6ms)[0m  [1m[34mSELECT "schema_migrations".* FROM "schema_migrations"[0m
Migrating to CreateUsers (20170105003626)
  [1m[35m (0.1ms)[0m  [1m[36mbegin transaction[0m
  [1m[35m (1.5ms)[0m  [1m[35mCREATE TABLE "users" ("id" INTEGER PRIMARY KEY AUTOINCREMENT NOT NULL, "name" varchar, "email" varchar, "password_digest" varchar, "remember_digest" varchar, "admin" boolean, "address" varchar, "catastro" varchar, "phone" varchar, "mobile" varchar, "created_at" datetime NOT NULL, "updated_at" datetime NOT NULL)[0m
  [1m[35mSQL (0.4ms)[0m  [1m[32mINSERT INTO "schema_migrations" ("version") VALUES (?)[0m  [["version", "20170105003626"]]
  [1m[35m (1.2ms)[0m  [1m[36mcommit transaction[0m
Migrating to CreateCities (20170106175201)
  [1m[35m (0.1ms)[0m  [1m[36mbegin transaction[0m
  [1m[35m (1.4ms)[0m  [1m[35mCREATE TABLE "cities" ("id" INTEGER PRIMARY KEY AUTOINCREMENT NOT NULL, "name" varchar, "district_id" integer, "created_at" datetime NOT NULL, "updated_at" datetime NOT NULL)[0m
  [1m[35mSQL (0.4ms)[0m  [1m[32mINSERT INTO "schema_migrations" ("version") VALUES (?)[0m  [["version", "20170106175201"]]
  [1m[35m (1.2ms)[0m  [1m[36mcommit transaction[0m
Migrating to CreateDistricts (20170106175206)
  [1m[35m (0.1ms)[0m  [1m[36mbegin transaction[0m
  [1m[35m (1.5ms)[0m  [1m[35mCREATE TABLE "districts" ("id" INTEGER PRIMARY KEY AUTOINCREMENT NOT NULL, "name" varchar, "country_id" integer, "created_at" datetime NOT NULL, "updated_at" datetime NOT NULL)[0m
  [1m[35mSQL (0.4ms)[0m  [1m[32mINSERT INTO "schema_migrations" ("version") VALUES (?)[0m  [["version", "20170106175206"]]
  [1m[35m (1.2ms)[0m  [1m[36mcommit transaction[0m
Migrating to CreateCountries (20170106175210)
  [1m[35m (0.1ms)[0m  [1m[36mbegin transaction[0m
  [1m[35m (2.1ms)[0m  [1m[35mCREATE TABLE "countries" ("id" INTEGER PRIMARY KEY AUTOINCREMENT NOT NULL, "name" varchar, "land_id" integer, "created_at" datetime NOT NULL, "updated_at" datetime NOT NULL)[0m
  [1m[35mSQL (0.6ms)[0m  [1m[32mINSERT INTO "schema_migrations" ("version") VALUES (?)[0m  [["version", "20170106175210"]]
  [1m[35m (1.5ms)[0m  [1m[36mcommit transaction[0m
Migrating to CreateLands (20170106175218)
  [1m[35m (0.1ms)[0m  [1m[36mbegin transaction[0m
  [1m[35m (2.1ms)[0m  [1m[35mCREATE TABLE "lands" ("id" INTEGER PRIMARY KEY AUTOINCREMENT NOT NULL, "name" varchar, "created_at" datetime NOT NULL, "updated_at" datetime NOT NULL)[0m
  [1m[35mSQL (0.3ms)[0m  [1m[32mINSERT INTO "schema_migrations" ("version") VALUES (?)[0m  [["version", "20170106175218"]]
  [1m[35m (1.0ms)[0m  [1m[36mcommit transaction[0m
Migrating to CreateStreams (20170107121335)
  [1m[35m (0.0ms)[0m  [1m[36mbegin transaction[0m
  [1m[35m (2.0ms)[0m  [1m[35mCREATE TABLE "streams" ("id" INTEGER PRIMARY KEY AUTOINCREMENT NOT NULL, "name" varchar, "type" varchar, "station_id" integer, "created_at" datetime NOT NULL, "updated_at" datetime NOT NULL)[0m
  [1m[35mSQL (0.4ms)[0m  [1m[32mINSERT INTO "schema_migrations" ("version") VALUES (?)[0m  [["version", "20170107121335"]]
  [1m[35m (1.2ms)[0m  [1m[36mcommit transaction[0m
Migrating to CreateStations (20170107121346)
  [1m[35m (0.0ms)[0m  [1m[36mbegin transaction[0m
  [1m[35m (1.7ms)[0m  [1m[35mCREATE TABLE "stations" ("id" INTEGER PRIMARY KEY AUTOINCREMENT NOT NULL, "name" varchar, "tuning_dial" varchar, "hash" varchar, "is_am" boolean, "imageUrl" varchar, "land_id" integer, "country_id" integer, "district_id" integer, "city_id" integer, "created_at" datetime NOT NULL, "updated_at" datetime NOT NULL)[0m
  [1m[35mSQL (0.3ms)[0m  [1m[32mINSERT INTO "schema_migrations" ("version") VALUES (?)[0m  [["version", "20170107121346"]]
  [1m[35m (1.1ms)[0m  [1m[36mcommit transaction[0m
Migrating to RemoveLandIdFromStations (20170107124604)
  [1m[35m (0.1ms)[0m  [1m[36mbegin transaction[0m
  [1m[35m (0.7ms)[0m  [1m[35mCREATE TEMPORARY TABLE "astations" ("id" INTEGER PRIMARY KEY AUTOINCREMENT NOT NULL, "name" varchar, "tuning_dial" varchar, "hash" varchar, "is_am" boolean, "imageUrl" varchar, "land_id" integer, "country_id" integer, "district_id" integer, "city_id" integer, "created_at" datetime NOT NULL, "updated_at" datetime NOT NULL)[0m
  [1m[35m (0.1ms)[0m  [1m[32mINSERT INTO "astations" ("id","name","tuning_dial","hash","is_am","imageUrl","land_id","country_id","district_id","city_id","created_at","updated_at")
                     SELECT "id","name","tuning_dial","hash","is_am","imageUrl","land_id","country_id","district_id","city_id","created_at","updated_at" FROM "stations"[0m
  [1m[35m (1.0ms)[0m  [1m[35mDROP TABLE "stations"[0m
  [1m[35m (0.2ms)[0m  [1m[35mCREATE TABLE "stations" ("id" INTEGER PRIMARY KEY AUTOINCREMENT NOT NULL, "name" varchar, "tuning_dial" varchar, "hash" varchar, "is_am" boolean, "imageUrl" varchar, "country_id" integer, "district_id" integer, "city_id" integer, "created_at" datetime NOT NULL, "updated_at" datetime NOT NULL)[0m
  [1m[35m (0.4ms)[0m  [1m[32mINSERT INTO "stations" ("id","name","tuning_dial","hash","is_am","imageUrl","country_id","district_id","city_id","created_at","updated_at")
                     SELECT "id","name","tuning_dial","hash","is_am","imageUrl","country_id","district_id","city_id","created_at","updated_at" FROM "astations"[0m
  [1m[35m (0.1ms)[0m  [1m[35mDROP TABLE "astations"[0m
  [1m[35mSQL (0.7ms)[0m  [1m[32mINSERT INTO "schema_migrations" ("version") VALUES (?)[0m  [["version", "20170107124604"]]
  [1m[35m (1.9ms)[0m  [1m[36mcommit transaction[0m
Migrating to RemoveCountryIdFromStations (20170107124607)
  [1m[35m (0.1ms)[0m  [1m[36mbegin transaction[0m
  [1m[35m (0.1ms)[0m  [1m[35mCREATE TEMPORARY TABLE "astations" ("id" INTEGER PRIMARY KEY AUTOINCREMENT NOT NULL, "name" varchar, "tuning_dial" varchar, "hash" varchar, "is_am" boolean, "imageUrl" varchar, "country_id" integer, "district_id" integer, "city_id" integer, "created_at" datetime NOT NULL, "updated_at" datetime NOT NULL)[0m
  [1m[35m (0.1ms)[0m  [1m[32mINSERT INTO "astations" ("id","name","tuning_dial","hash","is_am","imageUrl","country_id","district_id","city_id","created_at","updated_at")
                     SELECT "id","name","tuning_dial","hash","is_am","imageUrl","country_id","district_id","city_id","created_at","updated_at" FROM "stations"[0m
  [1m[35m (1.7ms)[0m  [1m[35mDROP TABLE "stations"[0m
  [1m[35m (0.1ms)[0m  [1m[35mCREATE TABLE "stations" ("id" INTEGER PRIMARY KEY AUTOINCREMENT NOT NULL, "name" varchar, "tuning_dial" varchar, "hash" varchar, "is_am" boolean, "imageUrl" varchar, "district_id" integer, "city_id" integer, "created_at" datetime NOT NULL, "updated_at" datetime NOT NULL)[0m
  [1m[35m (0.1ms)[0m  [1m[32mINSERT INTO "stations" ("id","name","tuning_dial","hash","is_am","imageUrl","district_id","city_id","created_at","updated_at")
                     SELECT "id","name","tuning_dial","hash","is_am","imageUrl","district_id","city_id","created_at","updated_at" FROM "astations"[0m
  [1m[35m (0.1ms)[0m  [1m[35mDROP TABLE "astations"[0m
  [1m[35mSQL (0.4ms)[0m  [1m[32mINSERT INTO "schema_migrations" ("version") VALUES (?)[0m  [["version", "20170107124607"]]
  [1m[35m (1.2ms)[0m  [1m[36mcommit transaction[0m
Migrating to RemoveDistrictIdFromStations (20170107124608)
  [1m[35m (0.0ms)[0m  [1m[36mbegin transaction[0m
  [1m[35m (0.3ms)[0m  [1m[35mCREATE TEMPORARY TABLE "astations" ("id" INTEGER PRIMARY KEY AUTOINCREMENT NOT NULL, "name" varchar, "tuning_dial" varchar, "hash" varchar, "is_am" boolean, "imageUrl" varchar, "district_id" integer, "city_id" integer, "created_at" datetime NOT NULL, "updated_at" datetime NOT NULL)[0m
  [1m[35m (0.1ms)[0m  [1m[32mINSERT INTO "astations" ("id","name","tuning_dial","hash","is_am","imageUrl","district_id","city_id","created_at","updated_at")
                     SELECT "id","name","tuning_dial","hash","is_am","imageUrl","district_id","city_id","created_at","updated_at" FROM "stations"[0m
  [1m[35m (1.1ms)[0m  [1m[35mDROP TABLE "stations"[0m
  [1m[35m (0.2ms)[0m  [1m[35mCREATE TABLE "stations" ("id" INTEGER PRIMARY KEY AUTOINCREMENT NOT NULL, "name" varchar, "tuning_dial" varchar, "hash" varchar, "is_am" boolean, "imageUrl" varchar, "city_id" integer, "created_at" datetime NOT NULL, "updated_at" datetime NOT NULL)[0m
  [1m[35m (0.1ms)[0m  [1m[32mINSERT INTO "stations" ("id","name","tuning_dial","hash","is_am","imageUrl","city_id","created_at","updated_at")
                     SELECT "id","name","tuning_dial","hash","is_am","imageUrl","city_id","created_at","updated_at" FROM "astations"[0m
  [1m[35m (0.1ms)[0m  [1m[35mDROP TABLE "astations"[0m
  [1m[35mSQL (0.3ms)[0m  [1m[32mINSERT INTO "schema_migrations" ("version") VALUES (?)[0m  [["version", "20170107124608"]]
  [1m[35m (1.2ms)[0m  [1m[36mcommit transaction[0m
Migrating to RemoveHashFromStations (20170108165533)
  [1m[35m (0.0ms)[0m  [1m[36mbegin transaction[0m
  [1m[35m (0.1ms)[0m  [1m[35mCREATE TEMPORARY TABLE "astations" ("id" INTEGER PRIMARY KEY AUTOINCREMENT NOT NULL, "name" varchar, "tuning_dial" varchar, "hash" varchar, "is_am" boolean, "imageUrl" varchar, "city_id" integer, "created_at" datetime NOT NULL, "updated_at" datetime NOT NULL)[0m
  [1m[35m (0.1ms)[0m  [1m[32mINSERT INTO "astations" ("id","name","tuning_dial","hash","is_am","imageUrl","city_id","created_at","updated_at")
                     SELECT "id","name","tuning_dial","hash","is_am","imageUrl","city_id","created_at","updated_at" FROM "stations"[0m
  [1m[35m (1.3ms)[0m  [1m[35mDROP TABLE "stations"[0m
  [1m[35m (0.1ms)[0m  [1m[35mCREATE TABLE "stations" ("id" INTEGER PRIMARY KEY AUTOINCREMENT NOT NULL, "name" varchar, "tuning_dial" varchar, "is_am" boolean, "imageUrl" varchar, "city_id" integer, "created_at" datetime NOT NULL, "updated_at" datetime NOT NULL)[0m
  [1m[35m (0.1ms)[0m  [1m[32mINSERT INTO "stations" ("id","name","tuning_dial","is_am","imageUrl","city_id","created_at","updated_at")
                     SELECT "id","name","tuning_dial","is_am","imageUrl","city_id","created_at","updated_at" FROM "astations"[0m
  [1m[35m (0.1ms)[0m  [1m[35mDROP TABLE "astations"[0m
  [1m[35mSQL (0.7ms)[0m  [1m[32mINSERT INTO "schema_migrations" ("version") VALUES (?)[0m  [["version", "20170108165533"]]
  [1m[35m (3.5ms)[0m  [1m[36mcommit transaction[0m
Migrating to AddInternalHashFromStations (20170108165618)
  [1m[35m (0.0ms)[0m  [1m[36mbegin transaction[0m
  [1m[35m (2.9ms)[0m  [1m[35mALTER TABLE "stations" ADD "internal_hash" varchar[0m
  [1m[35mSQL (0.3ms)[0m  [1m[32mINSERT INTO "schema_migrations" ("version") VALUES (?)[0m  [["version", "20170108165618"]]
  [1m[35m (1.1ms)[0m  [1m[36mcommit transaction[0m
Migrating to RemoveTypeFromStations (20170110220311)
  [1m[35m (0.0ms)[0m  [1m[36mbegin transaction[0m
  [1m[35m (0.1ms)[0m  [1m[35mCREATE TEMPORARY TABLE "astations" ("id" INTEGER PRIMARY KEY AUTOINCREMENT NOT NULL, "name" varchar, "tuning_dial" varchar, "is_am" boolean, "imageUrl" varchar, "city_id" integer, "created_at" datetime NOT NULL, "updated_at" datetime NOT NULL, "internal_hash" varchar)[0m
  [1m[35m (0.1ms)[0m  [1m[32mINSERT INTO "astations" ("id","name","tuning_dial","is_am","imageUrl","city_id","created_at","updated_at","internal_hash")
                     SELECT "id","name","tuning_dial","is_am","imageUrl","city_id","created_at","updated_at","internal_hash" FROM "stations"[0m
  [1m[35m (1.2ms)[0m  [1m[35mDROP TABLE "stations"[0m
  [1m[35m (0.1ms)[0m  [1m[35mCREATE TABLE "stations" ("id" INTEGER PRIMARY KEY AUTOINCREMENT NOT NULL, "name" varchar, "tuning_dial" varchar, "is_am" boolean, "imageUrl" varchar, "city_id" integer, "created_at" datetime NOT NULL, "updated_at" datetime NOT NULL, "internal_hash" varchar)[0m
  [1m[35m (0.1ms)[0m  [1m[32mINSERT INTO "stations" ("id","name","tuning_dial","is_am","imageUrl","city_id","created_at","updated_at","internal_hash")
                     SELECT "id","name","tuning_dial","is_am","imageUrl","city_id","created_at","updated_at","internal_hash" FROM "astations"[0m
  [1m[35m (0.1ms)[0m  [1m[35mDROP TABLE "astations"[0m
  [1m[35mSQL (0.4ms)[0m  [1m[32mINSERT INTO "schema_migrations" ("version") VALUES (?)[0m  [["version", "20170110220311"]]
  [1m[35m (1.2ms)[0m  [1m[36mcommit transaction[0m
Migrating to AddUrlTypeToStations (20170110220312)
  [1m[35m (0.1ms)[0m  [1m[36mbegin transaction[0m
  [1m[35m (1.4ms)[0m  [1m[35mALTER TABLE "stations" ADD "url_type" varchar[0m
  [1m[35mSQL (0.4ms)[0m  [1m[32mINSERT INTO "schema_migrations" ("version") VALUES (?)[0m  [["version", "20170110220312"]]
  [1m[35m (1.1ms)[0m  [1m[36mcommit transaction[0m
Migrating to RemoveTypeFromStreams (20170110220357)
  [1m[35m (0.1ms)[0m  [1m[36mbegin transaction[0m
  [1m[35m (0.2ms)[0m  [1m[35mCREATE TEMPORARY TABLE "astreams" ("id" INTEGER PRIMARY KEY AUTOINCREMENT NOT NULL, "name" varchar, "type" varchar, "station_id" integer, "created_at" datetime NOT NULL, "updated_at" datetime NOT NULL)[0m
  [1m[35m (0.1ms)[0m  [1m[32mINSERT INTO "astreams" ("id","name","type","station_id","created_at","updated_at")
                     SELECT "id","name","type","station_id","created_at","updated_at" FROM "streams"[0m
  [1m[35m (1.5ms)[0m  [1m[35mDROP TABLE "streams"[0m
  [1m[35m (0.1ms)[0m  [1m[35mCREATE TABLE "streams" ("id" INTEGER PRIMARY KEY AUTOINCREMENT NOT NULL, "name" varchar, "station_id" integer, "created_at" datetime NOT NULL, "updated_at" datetime NOT NULL)[0m
  [1m[35m (1.5ms)[0m  [1m[32mINSERT INTO "streams" ("id","name","station_id","created_at","updated_at")
                     SELECT "id","name","station_id","created_at","updated_at" FROM "astreams"[0m
  [1m[35m (0.1ms)[0m  [1m[35mDROP TABLE "astreams"[0m
  [1m[35mSQL (0.8ms)[0m  [1m[32mINSERT INTO "schema_migrations" ("version") VALUES (?)[0m  [["version", "20170110220357"]]
  [1m[35m (1.8ms)[0m  [1m[36mcommit transaction[0m
Migrating to RemoveUrlTypeFromStations (20170110220358)
  [1m[35m (0.0ms)[0m  [1m[36mbegin transaction[0m
  [1m[35m (0.1ms)[0m  [1m[35mCREATE TEMPORARY TABLE "astations" ("id" INTEGER PRIMARY KEY AUTOINCREMENT NOT NULL, "name" varchar, "tuning_dial" varchar, "is_am" boolean, "imageUrl" varchar, "city_id" integer, "created_at" datetime NOT NULL, "updated_at" datetime NOT NULL, "internal_hash" varchar, "url_type" varchar)[0m
  [1m[35m (0.1ms)[0m  [1m[32mINSERT INTO "astations" ("id","name","tuning_dial","is_am","imageUrl","city_id","created_at","updated_at","internal_hash","url_type")
                     SELECT "id","name","tuning_dial","is_am","imageUrl","city_id","created_at","updated_at","internal_hash","url_type" FROM "stations"[0m
  [1m[35m (1.3ms)[0m  [1m[35mDROP TABLE "stations"[0m
  [1m[35m (0.1ms)[0m  [1m[35mCREATE TABLE "stations" ("id" INTEGER PRIMARY KEY AUTOINCREMENT NOT NULL, "name" varchar, "tuning_dial" varchar, "is_am" boolean, "imageUrl" varchar, "city_id" integer, "created_at" datetime NOT NULL, "updated_at" datetime NOT NULL, "internal_hash" varchar)[0m
  [1m[35m (0.1ms)[0m  [1m[32mINSERT INTO "stations" ("id","name","tuning_dial","is_am","imageUrl","city_id","created_at","updated_at","internal_hash")
                     SELECT "id","name","tuning_dial","is_am","imageUrl","city_id","created_at","updated_at","internal_hash" FROM "astations"[0m
  [1m[35m (0.1ms)[0m  [1m[35mDROP TABLE "astations"[0m
  [1m[35mSQL (0.4ms)[0m  [1m[32mINSERT INTO "schema_migrations" ("version") VALUES (?)[0m  [["version", "20170110220358"]]
  [1m[35m (1.2ms)[0m  [1m[36mcommit transaction[0m
Migrating to AddUrlTypeToStreams (20170110220359)
  [1m[35m (0.0ms)[0m  [1m[36mbegin transaction[0m
  [1m[35m (1.5ms)[0m  [1m[35mALTER TABLE "streams" ADD "url_type" varchar[0m
  [1m[35mSQL (0.4ms)[0m  [1m[32mINSERT INTO "schema_migrations" ("version") VALUES (?)[0m  [["version", "20170110220359"]]
  [1m[35m (7.6ms)[0m  [1m[36mcommit transaction[0m
Migrating to AddHeadIsWorkingToStreams (20170111020246)
  [1m[35m (0.1ms)[0m  [1m[36mbegin transaction[0m
  [1m[35m (2.0ms)[0m  [1m[35mALTER TABLE "streams" ADD "head_is_working" boolean[0m
  [1m[35mSQL (1.6ms)[0m  [1m[32mINSERT INTO "schema_migrations" ("version") VALUES (?)[0m  [["version", "20170111020246"]]
  [1m[35m (1.7ms)[0m  [1m[36mcommit transaction[0m
Migrating to AddListenIsWorkingToStreams (20170111020247)
  [1m[35m (0.0ms)[0m  [1m[36mbegin transaction[0m
  [1m[35m (1.8ms)[0m  [1m[35mALTER TABLE "streams" ADD "listen_is_working" boolean[0m
  [1m[35mSQL (0.4ms)[0m  [1m[32mINSERT INTO "schema_migrations" ("version") VALUES (?)[0m  [["version", "20170111020247"]]
  [1m[35m (1.1ms)[0m  [1m[36mcommit transaction[0m
Migrating to CreateThefts (20170113005337)
  [1m[35m (0.0ms)[0m  [1m[36mbegin transaction[0m
  [1m[35m (1.6ms)[0m  [1m[35mCREATE TABLE "thefts" ("id" INTEGER PRIMARY KEY AUTOINCREMENT NOT NULL, "url" varchar, "created_at" datetime NOT NULL, "updated_at" datetime NOT NULL)[0m
  [1m[35mSQL (0.4ms)[0m  [1m[32mINSERT INTO "schema_migrations" ("version") VALUES (?)[0m  [["version", "20170113005337"]]
  [1m[35m (1.3ms)[0m  [1m[36mcommit transaction[0m
Migrating to AddUseWebToStreams (20170113151523)
  [1m[35m (0.0ms)[0m  [1m[36mbegin transaction[0m
  [1m[35m (1.4ms)[0m  [1m[35mALTER TABLE "streams" ADD "use_web" boolean[0m
  [1m[35mSQL (0.3ms)[0m  [1m[32mINSERT INTO "schema_migrations" ("version") VALUES (?)[0m  [["version", "20170113151523"]]
  [1m[35m (1.1ms)[0m  [1m[36mcommit transaction[0m
  [1m[36mActiveRecord::InternalMetadata Load (0.7ms)[0m  [1m[34mSELECT  "ar_internal_metadata".* FROM "ar_internal_metadata" WHERE "ar_internal_metadata"."key" = ? LIMIT ?[0m  [["key", :environment], ["LIMIT", 1]]
  [1m[35m (0.1ms)[0m  [1m[36mbegin transaction[0m
  [1m[35mSQL (2.6ms)[0m  [1m[32mINSERT INTO "ar_internal_metadata" ("key", "value", "created_at", "updated_at") VALUES (?, ?, ?, ?)[0m  [["key", "environment"], ["value", "development"], ["created_at", 2017-01-17 22:26:43 UTC], ["updated_at", 2017-01-17 22:26:43 UTC]]
  [1m[35m (1.3ms)[0m  [1m[36mcommit transaction[0m
  [1m[36mActiveRecord::SchemaMigration Load (0.5ms)[0m  [1m[34mSELECT "schema_migrations".* FROM "schema_migrations"[0m
Started GET "/" for 192.168.250.149 at 2017-01-17 22:26:56 +0000
Cannot render console from 192.168.250.149! Allowed networks: 127.0.0.1, ::1, 127.0.0.0/127.255.255.255
  [1m[36mActiveRecord::SchemaMigration Load (0.8ms)[0m  [1m[34mSELECT "schema_migrations".* FROM "schema_migrations"[0m
Processing by StaticPagesController#home as HTML
  Rendering static_pages/home.html.erb within layouts/application
  Rendered static_pages/home.html.erb within layouts/application (5252.7ms)
  Rendered layouts/_shim.html.erb (0.4ms)
  Rendered layouts/_header.html.erb (6.3ms)
  Rendered layouts/_footer.html.erb (2.3ms)
Completed 200 OK in 5997ms (Views: 5966.0ms | ActiveRecord: 0.0ms)


Started GET "/stations" for 192.168.250.149 at 2017-01-17 22:27:06 +0000
Cannot render console from 192.168.250.149! Allowed networks: 127.0.0.1, ::1, 127.0.0.0/127.255.255.255
Processing by StationsController#index as HTML
  Rendering stations/index.html.erb within layouts/application
  [1m[36mStation Load (5.9ms)[0m  [1m[34mSELECT "stations".* FROM "stations"[0m
  Rendered collection of templates [0 times] (0.1ms)
  Rendered stations/index.html.erb within layouts/application (171.8ms)
  Rendered layouts/_shim.html.erb (8.8ms)
  Rendered layouts/_header.html.erb (30.0ms)
  Rendered layouts/_footer.html.erb (32.6ms)
Completed 200 OK in 4262ms (Views: 4040.9ms | ActiveRecord: 12.9ms)


Started GET "/thefts" for 192.168.250.149 at 2017-01-17 22:27:13 +0000
Cannot render console from 192.168.250.149! Allowed networks: 127.0.0.1, ::1, 127.0.0.0/127.255.255.255
Processing by TheftsController#index as HTML
  Rendering thefts/index.html.erb within layouts/application
  [1m[36mTheft Load (5.2ms)[0m  [1m[34mSELECT "thefts".* FROM "thefts"[0m
  Rendered collection of templates [0 times] (0.7ms)
  Rendered thefts/index.html.erb within layouts/application (59.1ms)
  Rendered layouts/_shim.html.erb (3.1ms)
  Rendered layouts/_header.html.erb (5.5ms)
  Rendered layouts/_footer.html.erb (5.2ms)
Completed 200 OK in 460ms (Views: 381.2ms | ActiveRecord: 21.1ms)


Started GET "/stations" for 192.168.250.149 at 2017-01-17 22:27:15 +0000
Cannot render console from 192.168.250.149! Allowed networks: 127.0.0.1, ::1, 127.0.0.0/127.255.255.255
Processing by StationsController#index as HTML
  Rendering stations/index.html.erb within layouts/application
  [1m[36mStation Load (4.5ms)[0m  [1m[34mSELECT "stations".* FROM "stations"[0m
  Rendered collection of templates [0 times] (0.0ms)
  Rendered stations/index.html.erb within layouts/application (10.0ms)
  Rendered layouts/_shim.html.erb (6.5ms)
  Rendered layouts/_header.html.erb (33.3ms)
  Rendered layouts/_footer.html.erb (41.7ms)
Completed 200 OK in 452ms (Views: 428.9ms | ActiveRecord: 4.5ms)


Started GET "/streams" for 192.168.250.149 at 2017-01-17 22:27:15 +0000
Cannot render console from 192.168.250.149! Allowed networks: 127.0.0.1, ::1, 127.0.0.0/127.255.255.255
Processing by StreamsController#index as HTML
  Rendering streams/index.html.erb within layouts/application
  [1m[36mStream Load (4.8ms)[0m  [1m[34mSELECT "streams".* FROM "streams"[0m
  Rendered collection of templates [0 times] (0.0ms)
  Rendered streams/index.html.erb within layouts/application (31.7ms)
  Rendered layouts/_shim.html.erb (12.6ms)
  Rendered layouts/_header.html.erb (38.4ms)
  Rendered layouts/_footer.html.erb (26.0ms)
Completed 200 OK in 470ms (Views: 431.4ms | ActiveRecord: 6.5ms)


Started GET "/stations" for 192.168.250.149 at 2017-01-17 22:27:17 +0000
Cannot render console from 192.168.250.149! Allowed networks: 127.0.0.1, ::1, 127.0.0.0/127.255.255.255
Processing by StationsController#index as HTML
  Rendering stations/index.html.erb within layouts/application
  [1m[36mStation Load (7.6ms)[0m  [1m[34mSELECT "stations".* FROM "stations"[0m
  Rendered collection of templates [0 times] (0.0ms)
  Rendered stations/index.html.erb within layouts/application (20.7ms)
  Rendered layouts/_shim.html.erb (4.6ms)
  Rendered layouts/_header.html.erb (24.9ms)
  Rendered layouts/_footer.html.erb (14.7ms)
Completed 200 OK in 405ms (Views: 346.4ms | ActiveRecord: 7.6ms)


Started GET "/thefts" for 192.168.250.149 at 2017-01-17 22:27:18 +0000
Cannot render console from 192.168.250.149! Allowed networks: 127.0.0.1, ::1, 127.0.0.0/127.255.255.255
Processing by TheftsController#index as HTML
  Rendering thefts/index.html.erb within layouts/application
  [1m[36mTheft Load (3.9ms)[0m  [1m[34mSELECT "thefts".* FROM "thefts"[0m
  Rendered collection of templates [0 times] (0.0ms)
  Rendered thefts/index.html.erb within layouts/application (24.8ms)
  Rendered layouts/_shim.html.erb (3.7ms)
  Rendered layouts/_header.html.erb (5.7ms)
  Rendered layouts/_footer.html.erb (8.1ms)
Completed 200 OK in 316ms (Views: 276.7ms | ActiveRecord: 3.9ms)


